<?xml version="1.0" encoding="euc-jp" ?> 
<翻訳物>
  <パッケージ>
          <名称>Test-Simple</名称>
          <バージョン>Test-Simple-0.96</バージョン>
  </パッケージ>
  <説明>Test-Simple-0.96 の日本語訳</説明>
  <言語>ja-jp</言語>
        <日時>
                <作成日時>2011-01-26 14:40:15</作成日時>
                <更新日時>2011-01-26 14:40:15</更新日時>
        </日時>
        <翻訳グループ>
                <翻訳者>
                        <名前>Kato Atsushi</名前>
                        <連絡先>ktat at cpan.org</連絡先>
                </翻訳者>
        </翻訳グループ>
        <内容物>
                <ファイル>
                        <パス>lib/Test/Simple.pod</パス>
                        <名称>Test::Simple</名称>
                        <説明></説明>
                </ファイル>

                <ファイル>
                        <パス>lib/Test/More.pod</パス>
                        <名称>Test::More</名称>
                        <説明></説明>
                </ファイル>

                <ファイル>
                        <パス>lib/Test/Tutorial.pod</パス>
                        <名称>Test::Tutorial</名称>
                        <説明></説明>
                </ファイル>

        </内容物>
</翻訳物>
