<?xml version="1.0" encoding="euc-jp" ?> 
<翻訳物>
  <パッケージ>
		<名称>Test-Simple</名称>
		<バージョン>-0.94</バージョン>
	</パッケージ> 
  <説明>Test::Simple 0.94 の日本語訳</説明> 
  <言語>ja-jp</言語> 
	<日時>
		<作成日時>2009-12-20 00:41:00+09:00</作成日時>
		<更新日時>2009-12-20 00:41:00+09:00</更新日時>
	</日時>
	<翻訳グループ>
		<翻訳者>
			<名前>加藤 敦</名前>
			<連絡先>ktat.is@gmail.com</連絡先>
		</翻訳者>
	</翻訳グループ>
	<内容物>
		<ファイル>
			<パス>lib/Test/Simple.pod</パス>
			<名称>Test::Simple</名称>
			<説明>テストを書くための基本的なユーティリティ</説明>
		</ファイル>
		<ファイル>
			<パス>lib/Test/More.pod</パス>
			<名称>Test::More</名称>
			<説明>テストを書くためのもう一つのフレームワーク</説明>
		</ファイル>
		<ファイル>
			<パス>lib/Test/Tutorial.pod</パス>
			<名称>Test::Tutorial</名称>
			<説明>ごく基本的なテストを書くことについてのチュートリアル</説明>
		</ファイル>
	</内容物>
</翻訳物>
